app/build/outputs/logs/manifest-merger-debug-report.txt
-- Merging decision tree log ---
manifest
ADDED from src/main/AndroidManifest.xml:2:1-384:12
	package
		ADDED from src/main/AndroidManifest.xml:4:5-42
		INJECTED from src/main/AndroidManifest.xml
		INJECTED from src/main/AndroidManifest.xml
	android:versionName
		ADDED from src/main/AndroidManifest.xml:6:5-30
		INJECTED from src/main/AndroidManifest.xml
		INJECTED from src/main/AndroidManifest.xml
	xmlns:tools
		ADDED from src/main/AndroidManifest.xml:3:5-51
	android:versionCode
		ADDED from src/main/AndroidManifest.xml:5:5-28
		INJECTED from src/main/AndroidManifest.xml
		INJECTED from src/main/AndroidManifest.xml
	xmlns:android
		ADDED from src/main/AndroidManifest.xml:2:11-69
uses-sdk
ADDED from src/main/AndroidManifest.xml:8:5-10:41
MERGED from [com.umeng.wsq:umeng_community_wb_library_project:2.6.2] AndroidManifest.xml:7:5-9:41
	android:targetSdkVersion
		ADDED from src/main/AndroidManifest.xml:10:9-38
		INJECTED from src/main/AndroidManifest.xml
		INJECTED from src/main/AndroidManifest.xml
	android:minSdkVersion
		ADDED from src/main/AndroidManifest.xml:9:9-35
		INJECTED from src/main/AndroidManifest.xml
		INJECTED from src/main/AndroidManifest.xml
uses-feature#android.hardware.camera
ADDED from src/main/AndroidManifest.xml:13:5-15:35
	android:required
		ADDED from src/main/AndroidManifest.xml:15:9-32
	android:name
		ADDED from src/main/AndroidManifest.xml:14:9-47
uses-permission#android.permission.ACCESS_NETWORK_STATE
ADDED from src/main/AndroidManifest.xml:19:5-79
	android:name
		ADDED from src/main/AndroidManifest.xml:19:22-76
uses-permission#android.permission.ACCESS_WIFI_STATE
ADDED from src/main/AndroidManifest.xml:21:5-76
	android:name
		ADDED from src/main/AndroidManifest.xml:21:22-73
uses-permission#android.permission.READ_PHONE_STATE
ADDED from src/main/AndroidManifest.xml:23:5-75
	android:name
		ADDED from src/main/AndroidManifest.xml:23:22-72
uses-permission#android.permission.WRITE_EXTERNAL_STORAGE
ADDED from src/main/AndroidManifest.xml:25:5-81
	android:name
		ADDED from src/main/AndroidManifest.xml:25:22-78
uses-permission#android.permission.INTERNET
ADDED from src/main/AndroidManifest.xml:27:5-67
	android:name
		ADDED from src/main/AndroidManifest.xml:27:22-64
uses-permission#android.permission.ACCESS_FINE_LOCATION
ADDED from src/main/AndroidManifest.xml:29:5-79
	android:name
		ADDED from src/main/AndroidManifest.xml:29:22-76
uses-permission#android.permission.ACCESS_COARSE_LOCATION
ADDED from src/main/AndroidManifest.xml:30:5-81
	android:name
		ADDED from src/main/AndroidManifest.xml:30:22-78
uses-permission#android.permission.CHANGE_WIFI_STATE
ADDED from src/main/AndroidManifest.xml:31:5-76
	android:name
		ADDED from src/main/AndroidManifest.xml:31:22-73
uses-permission#android.permission.CHANGE_CONFIGURATION
ADDED from src/main/AndroidManifest.xml:32:5-79
	android:name
		ADDED from src/main/AndroidManifest.xml:32:22-76
uses-permission#android.permission.READ_LOGS
ADDED from src/main/AndroidManifest.xml:35:5-68
	android:name
		ADDED from src/main/AndroidManifest.xml:35:22-65
uses-permission#android.permission.WAKE_LOCK
ADDED from src/main/AndroidManifest.xml:36:5-68
	android:name
		ADDED from src/main/AndroidManifest.xml:36:22-65
uses-permission#android.permission.VIBRATE
ADDED from src/main/AndroidManifest.xml:37:5-66
	android:name
		ADDED from src/main/AndroidManifest.xml:37:22-63
uses-permission#android.permission.WRITE_SETTINGS
ADDED from src/main/AndroidManifest.xml:38:5-73
	android:name
		ADDED from src/main/AndroidManifest.xml:38:22-70
uses-permission#android.permission.GET_TASKS
ADDED from src/main/AndroidManifest.xml:40:5-68
	android:name
		ADDED from src/main/AndroidManifest.xml:40:22-65
uses-permission#android.permission.CHANGE_NETWORK_STATE
ADDED from src/main/AndroidManifest.xml:42:5-79
	android:name
		ADDED from src/main/AndroidManifest.xml:42:22-76
uses-permission#android.permission.RECEIVE_BOOT_COMPLETED
ADDED from src/main/AndroidManifest.xml:44:5-81
	android:name
		ADDED from src/main/AndroidManifest.xml:44:22-78
uses-permission#android.permission.BROADCAST_PACKAGE_ADDED
ADDED from src/main/AndroidManifest.xml:58:5-82
	android:name
		ADDED from src/main/AndroidManifest.xml:58:22-79
uses-permission#android.permission.BROADCAST_PACKAGE_CHANGED
ADDED from src/main/AndroidManifest.xml:59:5-84
	android:name
		ADDED from src/main/AndroidManifest.xml:59:22-81
uses-permission#android.permission.BROADCAST_PACKAGE_INSTALL
ADDED from src/main/AndroidManifest.xml:60:5-84
	android:name
		ADDED from src/main/AndroidManifest.xml:60:22-81
uses-permission#android.permission.BROADCAST_PACKAGE_REPLACED
ADDED from src/main/AndroidManifest.xml:61:5-85
	android:name
		ADDED from src/main/AndroidManifest.xml:61:22-82
uses-permission#android.permission.RESTART_PACKAGES
ADDED from src/main/AndroidManifest.xml:62:5-75
	android:name
		ADDED from src/main/AndroidManifest.xml:62:22-72
uses-permission#android.permission.GET_ACCOUNTS
ADDED from src/main/AndroidManifest.xml:63:5-71
	android:name
		ADDED from src/main/AndroidManifest.xml:63:22-68
uses-permission#android.permission.SEND_SMS
ADDED from src/main/AndroidManifest.xml:65:5-67
	android:name
		ADDED from src/main/AndroidManifest.xml:65:22-64
uses-permission#android.permission.RECEIVE_SMS
ADDED from src/main/AndroidManifest.xml:66:5-70
	android:name
		ADDED from src/main/AndroidManifest.xml:66:22-67
uses-permission#android.permission.READ_SMS
ADDED from src/main/AndroidManifest.xml:67:5-67
	android:name
		ADDED from src/main/AndroidManifest.xml:67:22-64
application
ADDED from src/main/AndroidManifest.xml:69:5-382:19
MERGED from [com.umeng.wsq:umeng_community_wb_library_project:2.6.2] AndroidManifest.xml:11:5-12:19
	android:label
		ADDED from src/main/AndroidManifest.xml:74:9-41
	android:hardwareAccelerated
		ADDED from src/main/AndroidManifest.xml:72:9-44
	android:allowBackup
		ADDED from src/main/AndroidManifest.xml:71:9-35
	android:icon
		ADDED from src/main/AndroidManifest.xml:73:9-48
	android:theme
		ADDED from src/main/AndroidManifest.xml:75:9-44
	tools:replace
		ADDED from src/main/AndroidManifest.xml:76:9-52
	android:name
		ADDED from src/main/AndroidManifest.xml:70:9-45
activity#com.umeng.community.example.MainActivity
ADDED from src/main/AndroidManifest.xml:77:9-88:20
	android:label
		ADDED from src/main/AndroidManifest.xml:81:13-45
	android:windowSoftInputMode
		ADDED from src/main/AndroidManifest.xml:82:13-67
	android:configChanges
		ADDED from src/main/AndroidManifest.xml:80:13-63
	android:alwaysRetainTaskState
		ADDED from src/main/AndroidManifest.xml:79:13-49
	android:name
		ADDED from src/main/AndroidManifest.xml:78:13-68
intent-filter#android.intent.action.MAIN+android.intent.category.LAUNCHER
ADDED from src/main/AndroidManifest.xml:83:13-87:29
action#android.intent.action.MAIN
ADDED from src/main/AndroidManifest.xml:84:17-69
	android:name
		ADDED from src/main/AndroidManifest.xml:84:25-66
category#android.intent.category.LAUNCHER
ADDED from src/main/AndroidManifest.xml:85:17-77
	android:name
		ADDED from src/main/AndroidManifest.xml:85:27-74
activity#com.umeng.community.example.custom.CustonLoginActivity
ADDED from src/main/AndroidManifest.xml:90:9-64
	android:name
		ADDED from src/main/AndroidManifest.xml:90:19-61
activity#com.umeng.comm.ui.activities.FindActivity
ADDED from src/main/AndroidManifest.xml:94:9-98:70
	android:screenOrientation
		ADDED from src/main/AndroidManifest.xml:97:13-49
	android:windowSoftInputMode
		ADDED from src/main/AndroidManifest.xml:98:13-67
	android:configChanges
		ADDED from src/main/AndroidManifest.xml:96:13-63
	android:name
		ADDED from src/main/AndroidManifest.xml:95:13-69
activity#com.umeng.comm.ui.activities.UserInfoActivity
ADDED from src/main/AndroidManifest.xml:101:9-104:70
	android:windowSoftInputMode
		ADDED from src/main/AndroidManifest.xml:104:13-67
	android:configChanges
		ADDED from src/main/AndroidManifest.xml:103:13-63
	android:name
		ADDED from src/main/AndroidManifest.xml:102:13-73
activity#com.umeng.comm.ui.activities.TopicDetailActivity
ADDED from src/main/AndroidManifest.xml:107:9-110:70
	android:windowSoftInputMode
		ADDED from src/main/AndroidManifest.xml:110:13-67
	android:configChanges
		ADDED from src/main/AndroidManifest.xml:109:13-63
	android:name
		ADDED from src/main/AndroidManifest.xml:108:13-76
activity#com.umeng.comm.ui.activities.FeedsActivity
ADDED from src/main/AndroidManifest.xml:113:9-118:70
	android:screenOrientation
		ADDED from src/main/AndroidManifest.xml:117:13-49
	android:windowSoftInputMode
		ADDED from src/main/AndroidManifest.xml:118:13-67
	android:configChanges
		ADDED from src/main/AndroidManifest.xml:116:13-63
	android:alwaysRetainTaskState
		ADDED from src/main/AndroidManifest.xml:115:13-49
	android:name
		ADDED from src/main/AndroidManifest.xml:114:13-70
activity#com.umeng.comm.ui.activities.RelativeUserActivity
ADDED from src/main/AndroidManifest.xml:122:9-126:70
	android:screenOrientation
		ADDED from src/main/AndroidManifest.xml:125:13-49
	android:windowSoftInputMode
		ADDED from src/main/AndroidManifest.xml:126:13-67
	android:configChanges
		ADDED from src/main/AndroidManifest.xml:124:13-63
	android:name
		ADDED from src/main/AndroidManifest.xml:123:13-77
activity#com.umeng.community.login.DefaultLoginActivity
ADDED from src/main/AndroidManifest.xml:127:9-131:71
	android:screenOrientation
		ADDED from src/main/AndroidManifest.xml:130:13-49
	android:windowSoftInputMode
		ADDED from src/main/AndroidManifest.xml:131:13-68
	android:configChanges
		ADDED from src/main/AndroidManifest.xml:129:13-63
	android:name
		ADDED from src/main/AndroidManifest.xml:128:13-74
activity#com.umeng.community.login.RegisterActivity
ADDED from src/main/AndroidManifest.xml:132:9-136:71
	android:screenOrientation
		ADDED from src/main/AndroidManifest.xml:135:13-49
	android:windowSoftInputMode
		ADDED from src/main/AndroidManifest.xml:136:13-68
	android:configChanges
		ADDED from src/main/AndroidManifest.xml:134:13-63
	android:name
		ADDED from src/main/AndroidManifest.xml:133:13-70
activity#com.umeng.comm.ui.activities.PostFeedActivity
ADDED from src/main/AndroidManifest.xml:138:9-142:79
	android:exported
		ADDED from src/main/AndroidManifest.xml:141:13-36
	android:windowSoftInputMode
		ADDED from src/main/AndroidManifest.xml:142:13-67
	android:configChanges
		ADDED from src/main/AndroidManifest.xml:140:13-63
	android:name
		ADDED from src/main/AndroidManifest.xml:139:13-73
activity#com.umeng.comm.ui.activities.ForwardActivity
ADDED from src/main/AndroidManifest.xml:147:9-150:70
	android:windowSoftInputMode
		ADDED from src/main/AndroidManifest.xml:150:13-67
	android:configChanges
		ADDED from src/main/AndroidManifest.xml:149:13-63
	android:name
		ADDED from src/main/AndroidManifest.xml:148:13-72
activity#com.umeng.comm.ui.activities.SearchActivity
ADDED from src/main/AndroidManifest.xml:153:9-156:70
	android:windowSoftInputMode
		ADDED from src/main/AndroidManifest.xml:156:13-67
	android:configChanges
		ADDED from src/main/AndroidManifest.xml:155:13-63
	android:name
		ADDED from src/main/AndroidManifest.xml:154:13-71
activity#com.umeng.comm.ui.activities.SearchTopicActivity
ADDED from src/main/AndroidManifest.xml:159:9-162:71
	android:windowSoftInputMode
		ADDED from src/main/AndroidManifest.xml:162:13-68
	android:configChanges
		ADDED from src/main/AndroidManifest.xml:161:13-63
	android:name
		ADDED from src/main/AndroidManifest.xml:160:13-76
activity#com.umeng.comm.ui.activities.FeedDetailActivity
ADDED from src/main/AndroidManifest.xml:165:9-169:70
	android:launchMode
		ADDED from src/main/AndroidManifest.xml:168:13-44
	android:windowSoftInputMode
		ADDED from src/main/AndroidManifest.xml:169:13-67
	android:configChanges
		ADDED from src/main/AndroidManifest.xml:167:13-63
	android:name
		ADDED from src/main/AndroidManifest.xml:166:13-75
activity#com.umeng.comm.ui.activities.GuideActivity
ADDED from src/main/AndroidManifest.xml:172:9-176:70
	android:launchMode
		ADDED from src/main/AndroidManifest.xml:175:13-44
	android:windowSoftInputMode
		ADDED from src/main/AndroidManifest.xml:176:13-67
	android:configChanges
		ADDED from src/main/AndroidManifest.xml:174:13-63
	android:name
		ADDED from src/main/AndroidManifest.xml:173:13-70
activity#com.umeng.common.ui.activities.SettingActivity
ADDED from src/main/AndroidManifest.xml:181:9-83
	android:name
		ADDED from src/main/AndroidManifest.xml:181:19-80
activity#com.umeng.common.ui.activities.LoginSimplifyActivity
ADDED from src/main/AndroidManifest.xml:184:9-188:71
	android:screenOrientation
		ADDED from src/main/AndroidManifest.xml:187:13-49
	android:windowSoftInputMode
		ADDED from src/main/AndroidManifest.xml:188:13-68
	android:configChanges
		ADDED from src/main/AndroidManifest.xml:186:13-63
	android:name
		ADDED from src/main/AndroidManifest.xml:185:13-80
activity#com.umeng.common.ui.activities.RegisterActivity
ADDED from src/main/AndroidManifest.xml:189:9-193:71
	android:screenOrientation
		ADDED from src/main/AndroidManifest.xml:192:13-49
	android:windowSoftInputMode
		ADDED from src/main/AndroidManifest.xml:193:13-68
	android:configChanges
		ADDED from src/main/AndroidManifest.xml:191:13-63
	android:name
		ADDED from src/main/AndroidManifest.xml:190:13-75
activity#com.umeng.community.login.LoginActivity
ADDED from src/main/AndroidManifest.xml:195:9-76
	android:name
		ADDED from src/main/AndroidManifest.xml:195:19-73
activity#com.umeng.comm.ui.activities.LocationFeedActivity
ADDED from src/main/AndroidManifest.xml:197:9-86
	android:name
		ADDED from src/main/AndroidManifest.xml:197:19-83
activity#com.tencent.tauth.AuthActivity
ADDED from src/main/AndroidManifest.xml:201:9-213:20
	android:launchMode
		ADDED from src/main/AndroidManifest.xml:203:13-44
	android:noHistory
		ADDED from src/main/AndroidManifest.xml:204:13-37
	android:name
		ADDED from src/main/AndroidManifest.xml:202:13-58
intent-filter#android.intent.action.VIEW+android.intent.category.BROWSABLE+android.intent.category.DEFAULT
ADDED from src/main/AndroidManifest.xml:205:13-212:29
action#android.intent.action.VIEW
ADDED from src/main/AndroidManifest.xml:206:17-69
	android:name
		ADDED from src/main/AndroidManifest.xml:206:25-66
category#android.intent.category.DEFAULT
ADDED from src/main/AndroidManifest.xml:208:17-76
	android:name
		ADDED from src/main/AndroidManifest.xml:208:27-73
category#android.intent.category.BROWSABLE
ADDED from src/main/AndroidManifest.xml:209:17-78
	android:name
		ADDED from src/main/AndroidManifest.xml:209:27-75
data
ADDED from src/main/AndroidManifest.xml:211:17-60
	android:scheme
		ADDED from src/main/AndroidManifest.xml:211:23-57
activity#com.tencent.connect.common.AssistActivity
ADDED from src/main/AndroidManifest.xml:214:9-217:75
	android:screenOrientation
		ADDED from src/main/AndroidManifest.xml:216:13-49
	android:theme
		ADDED from src/main/AndroidManifest.xml:217:13-72
	android:name
		ADDED from src/main/AndroidManifest.xml:215:13-69
activity#com.umeng.community.example.wxapi.WXEntryActivity
ADDED from src/main/AndroidManifest.xml:220:9-225:75
	android:screenOrientation
		ADDED from src/main/AndroidManifest.xml:224:13-49
	android:exported
		ADDED from src/main/AndroidManifest.xml:223:13-36
	android:configChanges
		ADDED from src/main/AndroidManifest.xml:222:13-74
	android:theme
		ADDED from src/main/AndroidManifest.xml:225:13-72
	android:name
		ADDED from src/main/AndroidManifest.xml:221:13-50
activity#com.umeng.common.ui.activities.AlbumActivity
ADDED from src/main/AndroidManifest.xml:226:9-81
	android:name
		ADDED from src/main/AndroidManifest.xml:226:19-78
activity#com.umeng.comm.ui.activities.FollowedTopicActivity
ADDED from src/main/AndroidManifest.xml:229:9-87
	android:name
		ADDED from src/main/AndroidManifest.xml:229:19-84
activity#com.umeng.comm.ui.activities.NotificationActivity
ADDED from src/main/AndroidManifest.xml:231:9-86
	android:name
		ADDED from src/main/AndroidManifest.xml:231:19-83
activity#com.umeng.comm.ui.activities.NewMsgActivity
ADDED from src/main/AndroidManifest.xml:233:9-80
	android:name
		ADDED from src/main/AndroidManifest.xml:233:19-77
activity#com.umeng.common.ui.imagepicker.PhotoSelectorActivity
ADDED from src/main/AndroidManifest.xml:237:9-90
	android:name
		ADDED from src/main/AndroidManifest.xml:237:19-87
activity#com.umeng.common.ui.imagepicker.PhotoPreviewActivity
ADDED from src/main/AndroidManifest.xml:238:9-89
	android:name
		ADDED from src/main/AndroidManifest.xml:238:19-86
activity#com.umeng.common.ui.activities.MessageChatActivity
ADDED from src/main/AndroidManifest.xml:239:9-241:58
	android:windowSoftInputMode
		ADDED from src/main/AndroidManifest.xml:241:13-55
	android:name
		ADDED from src/main/AndroidManifest.xml:240:13-78
activity#com.umeng.community.example.WBShareActivity
ADDED from src/main/AndroidManifest.xml:242:9-250:20
	android:screenOrientation
		ADDED from src/main/AndroidManifest.xml:245:13-49
	android:configChanges
		ADDED from src/main/AndroidManifest.xml:244:13-63
	android:name
		ADDED from src/main/AndroidManifest.xml:243:13-44
intent-filter#android.intent.category.DEFAULT+com.sina.weibo.sdk.action.ACTION_SDK_REQ_ACTIVITY
ADDED from src/main/AndroidManifest.xml:246:13-249:29
action#com.sina.weibo.sdk.action.ACTION_SDK_REQ_ACTIVITY
ADDED from src/main/AndroidManifest.xml:247:17-92
	android:name
		ADDED from src/main/AndroidManifest.xml:247:25-89
activity#com.sina.weibo.sdk.component.WeiboSdkBrowser
ADDED from src/main/AndroidManifest.xml:251:9-256:20
	android:exported
		ADDED from src/main/AndroidManifest.xml:255:13-37
	android:windowSoftInputMode
		ADDED from src/main/AndroidManifest.xml:254:13-55
	android:configChanges
		ADDED from src/main/AndroidManifest.xml:253:13-63
	android:name
		ADDED from src/main/AndroidManifest.xml:252:13-72
service#com.sina.weibo.sdk.net.DownloadService
ADDED from src/main/AndroidManifest.xml:257:9-258:48
	android:exported
		ADDED from src/main/AndroidManifest.xml:258:13-37
	android:name
		ADDED from src/main/AndroidManifest.xml:257:18-71
meta-data#UMENG_APPKEY
ADDED from src/main/AndroidManifest.xml:262:9-264:66
	android:value
		ADDED from src/main/AndroidManifest.xml:264:13-53
	android:name
		ADDED from src/main/AndroidManifest.xml:263:13-40
meta-data#UMENG_MESSAGE_SECRET
ADDED from src/main/AndroidManifest.xml:265:9-267:74
	android:value
		ADDED from src/main/AndroidManifest.xml:267:13-61
	android:name
		ADDED from src/main/AndroidManifest.xml:266:13-48
meta-data#com.amap.api.v2.apikey
ADDED from src/main/AndroidManifest.xml:269:9-271:64
	android:value
		ADDED from src/main/AndroidManifest.xml:271:13-61
	android:name
		ADDED from src/main/AndroidManifest.xml:270:13-50
activity#com.umeng.common.ui.activities.BrowserActivity
ADDED from src/main/AndroidManifest.xml:274:9-276:77
	android:configChanges
		ADDED from src/main/AndroidManifest.xml:276:13-74
	android:name
		ADDED from src/main/AndroidManifest.xml:275:13-74
receiver#com.umeng.message.NotificationProxyBroadcastReceiver
ADDED from src/main/AndroidManifest.xml:279:9-281:49
	android:exported
		ADDED from src/main/AndroidManifest.xml:281:13-37
	android:name
		ADDED from src/main/AndroidManifest.xml:280:13-80
receiver#com.umeng.message.SystemReceiver
ADDED from src/main/AndroidManifest.xml:282:9-296:20
	android:process
		ADDED from src/main/AndroidManifest.xml:284:13-36
	android:name
		ADDED from src/main/AndroidManifest.xml:283:13-60
intent-filter#android.intent.action.BOOT_COMPLETED
ADDED from src/main/AndroidManifest.xml:285:13-287:29
action#android.intent.action.BOOT_COMPLETED
ADDED from src/main/AndroidManifest.xml:286:17-79
	android:name
		ADDED from src/main/AndroidManifest.xml:286:25-76
intent-filter#android.net.conn.CONNECTIVITY_CHANGE
ADDED from src/main/AndroidManifest.xml:288:13-290:29
action#android.net.conn.CONNECTIVITY_CHANGE
ADDED from src/main/AndroidManifest.xml:289:17-79
	android:name
		ADDED from src/main/AndroidManifest.xml:289:25-76
intent-filter#android.intent.action.PACKAGE_REMOVED
ADDED from src/main/AndroidManifest.xml:291:13-295:29
action#android.intent.action.PACKAGE_REMOVED
ADDED from src/main/AndroidManifest.xml:292:17-80
	android:name
		ADDED from src/main/AndroidManifest.xml:292:25-77
receiver#com.umeng.message.MessageReceiver
ADDED from src/main/AndroidManifest.xml:297:9-304:20
	android:process
		ADDED from src/main/AndroidManifest.xml:300:13-36
	android:exported
		ADDED from src/main/AndroidManifest.xml:299:13-37
	android:name
		ADDED from src/main/AndroidManifest.xml:298:13-61
intent-filter#org.agoo.android.intent.action.RECEIVE
ADDED from src/main/AndroidManifest.xml:301:13-303:29
action#org.agoo.android.intent.action.RECEIVE
ADDED from src/main/AndroidManifest.xml:302:17-81
	android:name
		ADDED from src/main/AndroidManifest.xml:302:25-78
receiver#com.umeng.message.ElectionReceiver
ADDED from src/main/AndroidManifest.xml:305:9-313:20
	android:process
		ADDED from src/main/AndroidManifest.xml:307:13-36
	android:name
		ADDED from src/main/AndroidManifest.xml:306:13-62
intent-filter#org.agoo.android.intent.action.ELECTION_RESULT_V4+umeng
ADDED from src/main/AndroidManifest.xml:308:13-312:29
action#org.agoo.android.intent.action.ELECTION_RESULT_V4
ADDED from src/main/AndroidManifest.xml:309:17-92
	android:name
		ADDED from src/main/AndroidManifest.xml:309:25-89
category#umeng
ADDED from src/main/AndroidManifest.xml:311:17-50
	android:name
		ADDED from src/main/AndroidManifest.xml:311:27-47
receiver#com.umeng.message.RegistrationReceiver
ADDED from src/main/AndroidManifest.xml:314:9-320:20
	android:exported
		ADDED from src/main/AndroidManifest.xml:316:13-37
	android:name
		ADDED from src/main/AndroidManifest.xml:315:13-66
intent-filter#com.umeng.community.example.intent.action.COMMAND
ADDED from src/main/AndroidManifest.xml:317:13-319:29
action#com.umeng.community.example.intent.action.COMMAND
ADDED from src/main/AndroidManifest.xml:318:17-92
	android:name
		ADDED from src/main/AndroidManifest.xml:318:25-89
receiver#com.umeng.message.UmengMessageBootReceiver
ADDED from src/main/AndroidManifest.xml:321:9-325:20
	android:name
		ADDED from src/main/AndroidManifest.xml:321:19-76
service#com.umeng.message.UmengService
ADDED from src/main/AndroidManifest.xml:327:9-343:19
	android:process
		ADDED from src/main/AndroidManifest.xml:331:13-36
	android:label
		ADDED from src/main/AndroidManifest.xml:330:13-40
	android:exported
		ADDED from src/main/AndroidManifest.xml:329:13-36
	android:name
		ADDED from src/main/AndroidManifest.xml:328:13-58
intent-filter#com.umeng.community.example.intent.action.START
ADDED from src/main/AndroidManifest.xml:332:13-334:29
action#com.umeng.community.example.intent.action.START
ADDED from src/main/AndroidManifest.xml:333:17-90
	android:name
		ADDED from src/main/AndroidManifest.xml:333:25-87
intent-filter#com.umeng.community.example.intent.action.COCKROACH
ADDED from src/main/AndroidManifest.xml:335:13-337:29
action#com.umeng.community.example.intent.action.COCKROACH
ADDED from src/main/AndroidManifest.xml:336:17-94
	android:name
		ADDED from src/main/AndroidManifest.xml:336:25-91
intent-filter#org.agoo.android.intent.action.PING_V4+umeng
ADDED from src/main/AndroidManifest.xml:338:13-342:29
action#org.agoo.android.intent.action.PING_V4
ADDED from src/main/AndroidManifest.xml:339:17-81
	android:name
		ADDED from src/main/AndroidManifest.xml:339:25-78
service#com.umeng.message.UmengIntentService
ADDED from src/main/AndroidManifest.xml:344:9-346:39
	android:process
		ADDED from src/main/AndroidManifest.xml:346:13-36
	android:name
		ADDED from src/main/AndroidManifest.xml:345:13-64
service#com.umeng.message.UmengMessageIntentReceiverService
ADDED from src/main/AndroidManifest.xml:347:9-357:19
	android:process
		ADDED from src/main/AndroidManifest.xml:350:13-36
	android:exported
		ADDED from src/main/AndroidManifest.xml:349:13-36
	android:name
		ADDED from src/main/AndroidManifest.xml:348:13-79
intent-filter#org.android.agoo.client.MessageReceiverService
ADDED from src/main/AndroidManifest.xml:351:13-353:29
action#org.android.agoo.client.MessageReceiverService
ADDED from src/main/AndroidManifest.xml:352:17-89
	android:name
		ADDED from src/main/AndroidManifest.xml:352:25-86
intent-filter#org.android.agoo.client.ElectionReceiverService
ADDED from src/main/AndroidManifest.xml:354:13-356:29
action#org.android.agoo.client.ElectionReceiverService
ADDED from src/main/AndroidManifest.xml:355:17-90
	android:name
		ADDED from src/main/AndroidManifest.xml:355:25-87
service#com.umeng.message.UmengMessageCallbackHandlerService
ADDED from src/main/AndroidManifest.xml:358:9-373:19
	android:exported
		ADDED from src/main/AndroidManifest.xml:360:13-37
	android:name
		ADDED from src/main/AndroidManifest.xml:359:13-80
intent-filter#com.umeng.messge.registercallback.action
ADDED from src/main/AndroidManifest.xml:361:13-363:29
action#com.umeng.messge.registercallback.action
ADDED from src/main/AndroidManifest.xml:362:17-83
	android:name
		ADDED from src/main/AndroidManifest.xml:362:25-80
intent-filter#com.umeng.message.unregistercallback.action
ADDED from src/main/AndroidManifest.xml:364:13-366:29
action#com.umeng.message.unregistercallback.action
ADDED from src/main/AndroidManifest.xml:365:17-86
	android:name
		ADDED from src/main/AndroidManifest.xml:365:25-83
intent-filter#com.umeng.message.message.handler.action
ADDED from src/main/AndroidManifest.xml:367:13-369:29
action#com.umeng.message.message.handler.action
ADDED from src/main/AndroidManifest.xml:368:17-83
	android:name
		ADDED from src/main/AndroidManifest.xml:368:25-80
intent-filter#com.umeng.message.autoupdate.handler.action
ADDED from src/main/AndroidManifest.xml:370:13-372:29
action#com.umeng.message.autoupdate.handler.action
ADDED from src/main/AndroidManifest.xml:371:17-86
	android:name
		ADDED from src/main/AndroidManifest.xml:371:25-83
service#com.umeng.message.UmengDownloadResourceService
ADDED from src/main/AndroidManifest.xml:376:9-378:40
	android:exported
		ADDED from src/main/AndroidManifest.xml:378:13-37
	android:name
		ADDED from src/main/AndroidManifest.xml:377:13-74
service#com.umeng.message.local.UmengLocalNotificationService
ADDED from src/main/AndroidManifest.xml:379:9-381:40
	android:exported
		ADDED from src/main/AndroidManifest.xml:381:13-37
	android:name
		ADDED from src/main/AndroidManifest.xml:380:13-81